<?xml version="1.0" encoding="UTF-8"?>
<!-- Generated by org.testng.reporters.JUnitReportReporter -->
<testsuite hostname="DESKTOP-ICSBMB7" failures="0" tests="1" name="tests.annotations.CreditCard" time="0.017" errors="0" timestamp="2021-07-02T00:47:06 IST" skipped="0">
  <testcase classname="tests.annotations.CreditCard" name="test" time="0.017"/>
  <system-out/>
</testsuite> <!-- tests.annotations.CreditCard -->
