<?xml version="1.0" encoding="UTF-8"?>
<!-- Generated by org.testng.reporters.JUnitReportReporter -->
<testsuite hostname="DESKTOP-ICSBMB7" failures="0" tests="3" name="_03_TestNG._15_TestNG_Parameterization" time="18.033" errors="0" timestamp="2021-07-04T16:22:42 IST" skipped="0">
  <testcase classname="_03_TestNG._15_TestNG_Parameterization" name="TC_Facebook_Login_DataProvider" time="5.620"/>
  <system-out/>
  <testcase classname="_03_TestNG._15_TestNG_Parameterization" name="TC_Facebook_Login_DataProvider" time="5.432"/>
  <system-out/>
  <testcase classname="_03_TestNG._15_TestNG_Parameterization" name="TC_Facebook_Login_DataProvider" time="6.981"/>
  <system-out/>
</testsuite> <!-- _03_TestNG._15_TestNG_Parameterization -->
