<?xml version="1.0" encoding="UTF-8"?>
<!-- Generated by org.testng.reporters.JUnitReportReporter -->
<testsuite hostname="DESKTOP-ICSBMB7" failures="0" tests="2" name="_03_TestNG._01_TestNG_Annotations_Sequence" time="0.012" errors="0" timestamp="2021-07-04T15:11:16 IST" skipped="0">
  <testcase classname="_03_TestNG._01_TestNG_Annotations_Sequence" name="TC_02" time="0.004"/>
  <system-out/>
  <testcase classname="_03_TestNG._01_TestNG_Annotations_Sequence" name="TC_01" time="0.008"/>
  <system-out/>
</testsuite> <!-- _03_TestNG._01_TestNG_Annotations_Sequence -->
