<?xml version="1.0" encoding="UTF-8"?>
<!-- Generated by org.testng.reporters.JUnitReportReporter -->
<testsuite hostname="DESKTOP-ICSBMB7" failures="0" tests="1" name="assertions.SoftAssert" time="0.019" errors="0" timestamp="2021-07-01T14:10:34 IST" skipped="0">
  <testcase classname="assertions.SoftAssert" name="TC_01" time="0.019"/>
  <system-out/>
</testsuite> <!-- assertions.SoftAssert -->
