<?xml version="1.0" encoding="UTF-8"?>
<!-- Generated by org.testng.reporters.JUnitReportReporter -->
<testsuite skipped="0" hostname="rajatvera01" name="_11_3_TestNG.Parameterization.Using_DataProviders_ExcelSheet._11_TC_Login_UsingDataProvider1" tests="3" failures="0" timestamp="2021-09-10T00:47:06 IST" time="0.008" errors="0">
  <testcase name="TC_Login_UsingDataProvider" time="0.006" classname="_11_3_TestNG.Parameterization.Using_DataProviders_ExcelSheet._11_TC_Login_UsingDataProvider1"/>
  <system-out/>
  <testcase name="TC_Login_UsingDataProvider" time="0.001" classname="_11_3_TestNG.Parameterization.Using_DataProviders_ExcelSheet._11_TC_Login_UsingDataProvider1"/>
  <system-out/>
  <testcase name="TC_Login_UsingDataProvider" time="0.001" classname="_11_3_TestNG.Parameterization.Using_DataProviders_ExcelSheet._11_TC_Login_UsingDataProvider1"/>
  <system-out/>
</testsuite> <!-- _11_3_TestNG.Parameterization.Using_DataProviders_ExcelSheet._11_TC_Login_UsingDataProvider1 -->
