<?xml version="1.0" encoding="UTF-8"?>
<!-- Generated by org.testng.reporters.JUnitReportReporter -->
<testsuite hostname="DESKTOP-ICSBMB7" failures="0" tests="3" name="_03_TestNG._11_TestNG_SkipTest" time="0.014" errors="0" timestamp="2021-07-04T15:31:15 IST" skipped="2">
  <testcase classname="_03_TestNG._11_TestNG_SkipTest" name="TC_04" time="0.003">
    <skipped/>
  </testcase> <!-- TC_04 -->
  <system-out/>
  <testcase classname="_03_TestNG._11_TestNG_SkipTest" name="TC_02" time="0.011"/>
  <system-out/>
  <testcase classname="_03_TestNG._11_TestNG_SkipTest" name="TC_03">
    <skipped/>
  </testcase> <!-- TC_03 -->
  <system-out/>
</testsuite> <!-- _03_TestNG._11_TestNG_SkipTest -->
