<?xml version="1.0" encoding="UTF-8"?>
<!-- Generated by org.testng.reporters.JUnitReportReporter -->
<testsuite hostname="DESKTOP-ICSBMB7" failures="0" tests="4" name="_01_TestNG.Basics._25_TestNG_Property_enabled" time="0.014" errors="0" timestamp="2021-07-04T17:16:18 IST" skipped="3">
  <testcase classname="_01_TestNG.Basics._25_TestNG_Property_enabled" name="TC_02" time="0.014"/>
  <system-out/>
  <testcase classname="_01_TestNG.Basics._25_TestNG_Property_enabled" name="TC_03">
    <skipped/>
  </testcase> <!-- TC_03 -->
  <system-out/>
  <testcase classname="_01_TestNG.Basics._25_TestNG_Property_enabled" name="TC_05">
    <skipped/>
  </testcase> <!-- TC_05 -->
  <system-out/>
  <testcase classname="_01_TestNG.Basics._25_TestNG_Property_enabled" name="TC_04">
    <skipped/>
  </testcase> <!-- TC_04 -->
  <system-out/>
</testsuite> <!-- _01_TestNG.Basics._25_TestNG_Property_enabled -->
