<?xml version="1.0" encoding="UTF-8"?>
<!-- Generated by org.testng.reporters.JUnitReportReporter -->
<testsuite hostname="DESKTOP-ICSBMB7" failures="0" tests="8" name="_11_2_TestNG.Parameterization.Using_DataProviders_DifferentClass.DataProvidersCallFromOtherClass" time="0.032" errors="0" timestamp="2021-07-07T13:48:37 IST" skipped="0">
  <testcase classname="_11_2_TestNG.Parameterization.Using_DataProviders_DifferentClass.DataProvidersCallFromOtherClass" name="loginTest" time="0.003"/>
  <system-out/>
  <testcase classname="_11_2_TestNG.Parameterization.Using_DataProviders_DifferentClass.DataProvidersCallFromOtherClass" name="loginTest3" time="0.002"/>
  <system-out/>
  <testcase classname="_11_2_TestNG.Parameterization.Using_DataProviders_DifferentClass.DataProvidersCallFromOtherClass" name="loginTest3" time="0.003"/>
  <system-out/>
  <testcase classname="_11_2_TestNG.Parameterization.Using_DataProviders_DifferentClass.DataProvidersCallFromOtherClass" name="UserReg" time="0.002"/>
  <system-out/>
  <testcase classname="_11_2_TestNG.Parameterization.Using_DataProviders_DifferentClass.DataProvidersCallFromOtherClass" name="UserReg3" time="0.001"/>
  <system-out/>
  <testcase classname="_11_2_TestNG.Parameterization.Using_DataProviders_DifferentClass.DataProvidersCallFromOtherClass" name="UserReg" time="0.013"/>
  <system-out/>
  <testcase classname="_11_2_TestNG.Parameterization.Using_DataProviders_DifferentClass.DataProvidersCallFromOtherClass" name="loginTest" time="0.003"/>
  <system-out/>
  <testcase classname="_11_2_TestNG.Parameterization.Using_DataProviders_DifferentClass.DataProvidersCallFromOtherClass" name="UserReg3" time="0.005"/>
  <system-out/>
</testsuite> <!-- _11_2_TestNG.Parameterization.Using_DataProviders_DifferentClass.DataProvidersCallFromOtherClass -->
