<?xml version="1.0" encoding="UTF-8"?>
<!-- Generated by org.testng.reporters.JUnitReportReporter -->
<testsuite hostname="DESKTOP-ICSBMB7" failures="0" tests="4" name="_01_TestNG.ClassLevel._01_TestNG_Annotation_ClassLevel" time="0.031" errors="0" timestamp="2021-07-09T22:30:50 IST" skipped="0">
  <testcase classname="_01_TestNG.ClassLevel._01_TestNG_Annotation_ClassLevel" name="TC_01" time="0.016"/>
  <system-out/>
  <testcase classname="_01_TestNG.ClassLevel._01_TestNG_Annotation_ClassLevel" name="TC_03" time="0.004"/>
  <system-out/>
  <testcase classname="_01_TestNG.ClassLevel._01_TestNG_Annotation_ClassLevel" name="TC_04" time="0.008"/>
  <system-out/>
  <testcase classname="_01_TestNG.ClassLevel._01_TestNG_Annotation_ClassLevel" name="TC_02" time="0.003"/>
  <system-out/>
</testsuite> <!-- _01_TestNG.ClassLevel._01_TestNG_Annotation_ClassLevel -->
