<?xml version="1.0" encoding="UTF-8"?>
<!-- Generated by org.testng.reporters.JUnitReportReporter -->
<testsuite hostname="DESKTOP-ICSBMB7" failures="0" tests="1" name="_11_1_TestNG.Parameterization.Using_XML.Personal_Loan_Priority_LocalVariable" time="0.003" errors="0" timestamp="2021-07-07T13:26:45 IST" skipped="0">
  <testcase classname="_11_1_TestNG.Parameterization.Using_XML.Personal_Loan_Priority_LocalVariable" name="TC_WebLogin" time="0.003"/>
  <system-out/>
</testsuite> <!-- _11_1_TestNG.Parameterization.Using_XML.Personal_Loan_Priority_LocalVariable -->
