<?xml version="1.0" encoding="UTF-8"?>
<!-- Generated by org.testng.reporters.JUnitReportReporter -->
<testsuite hostname="DESKTOP-ICSBMB7" failures="0" tests="1" name="sh._02_TestNG_Assertions" time="0.032" errors="0" timestamp="2021-06-28T00:34:05 IST" skipped="0">
  <testcase classname="sh._02_TestNG_Assertions" name="TC_01" time="0.032"/>
  <system-out/>
</testsuite> <!-- sh._02_TestNG_Assertions -->
