<?xml version="1.0" encoding="UTF-8"?>
<!-- Generated by org.testng.reporters.JUnitReportReporter -->
<testsuite hostname="rajatvera01" failures="0" tests="2" name="_01_TestNG.Basics._01_TestNG_Annotations_Sequence_2" time="0.008" errors="0" timestamp="2021-09-08T16:23:02 IST" skipped="0">
  <testcase classname="_01_TestNG.Basics._01_TestNG_Annotations_Sequence_2" name="doUserReg" time="0.006"/>
  <system-out/>
  <testcase classname="_01_TestNG.Basics._01_TestNG_Annotations_Sequence_2" name="doLogin" time="0.002"/>
  <system-out/>
</testsuite> <!-- _01_TestNG.Basics._01_TestNG_Annotations_Sequence_2 -->
