<?xml version="1.0" encoding="UTF-8"?>
<!-- Generated by org.testng.reporters.JUnitReportReporter -->
<testsuite hostname="DESKTOP-ICSBMB7" failures="0" tests="8" name="_03_TestNG._03_TestNG_Default_AlphanumericOrder" time="0.036" errors="0" timestamp="2021-07-04T15:14:22 IST" skipped="0">
  <testcase classname="_03_TestNG._03_TestNG_Default_AlphanumericOrder" name="TC_01" time="0.010"/>
  <system-out/>
  <testcase classname="_03_TestNG._03_TestNG_Default_AlphanumericOrder" name="TC_02" time="0.004"/>
  <system-out/>
  <testcase classname="_03_TestNG._03_TestNG_Default_AlphanumericOrder" name="TC_05" time="0.008"/>
  <system-out/>
  <testcase classname="_03_TestNG._03_TestNG_Default_AlphanumericOrder" name="TC_04" time="0.002"/>
  <system-out/>
  <testcase classname="_03_TestNG._03_TestNG_Default_AlphanumericOrder" name="TC_03" time="0.004"/>
  <system-out/>
  <testcase classname="_03_TestNG._03_TestNG_Default_AlphanumericOrder" name="TC_05_AYZ" time="0.003"/>
  <system-out/>
  <testcase classname="_03_TestNG._03_TestNG_Default_AlphanumericOrder" name="TC_05_ABC" time="0.003"/>
  <system-out/>
  <testcase classname="_03_TestNG._03_TestNG_Default_AlphanumericOrder" name="TC_05_AJZ" time="0.002"/>
  <system-out/>
</testsuite> <!-- _03_TestNG._03_TestNG_Default_AlphanumericOrder -->
