<?xml version="1.0" encoding="UTF-8"?>
<!-- Generated by org.testng.reporters.JUnitReportReporter -->
<testsuite hostname="DESKTOP-ICSBMB7" failures="0" tests="1" name="_04_TestNG.Grouping.CreditCard_VISA" time="0.002" errors="0" timestamp="2021-07-04T16:30:10 IST" skipped="0">
  <testcase classname="_04_TestNG.Grouping.CreditCard_VISA" name="TC_CreditCard_Visa_1" time="0.002"/>
  <system-out/>
</testsuite> <!-- _04_TestNG.Grouping.CreditCard_VISA -->
