<?xml version="1.0" encoding="UTF-8"?>
<!-- Generated by org.testng.reporters.JUnitReportReporter -->
<testsuite hostname="DESKTOP-ICSBMB7" failures="0" tests="1" name="_11_3_TestNG.Parameterization.Using_DataProviders_ExcelSheet.TestParameterizationExcel" time="0.000" errors="0" timestamp="2021-07-04T17:07:19 IST" skipped="1">
  <testcase classname="_11_3_TestNG.Parameterization.Using_DataProviders_ExcelSheet.TestParameterizationExcel" name="testData" time="0.000">
    <skipped/>
  </testcase> <!-- testData -->
  <system-out/>
</testsuite> <!-- _11_3_TestNG.Parameterization.Using_DataProviders_ExcelSheet.TestParameterizationExcel -->
